<?xml version="1.0" encoding="UTF-8"?>
<!-- Generated by org.testng.reporters.JUnitReportReporter -->
<testsuite skipped="0" hostname="DELL-PC" name="script.VerifyProductVersion_Test" tests="1" failures="0" timestamp="31 May 2022 04:37:33 GMT" time="183.578" errors="0">
  <testcase name="testProductVerson" time="183.578" classname="script.VerifyProductVersion_Test"/>
</testsuite> <!-- script.VerifyProductVersion_Test -->
