<?xml version="1.0" encoding="UTF-8"?>
<!-- Generated by org.testng.reporters.JUnitReportReporter -->
<testsuite skipped="0" hostname="DELL-PC" name="script.InvalidLogin_Test" tests="1" failures="0" timestamp="31 May 2022 04:39:18 GMT" time="66.922" errors="0">
  <testcase name="testInvalidLogin" time="66.922" classname="script.InvalidLogin_Test"/>
</testsuite> <!-- script.InvalidLogin_Test -->
