<?xml version="1.0" encoding="UTF-8"?>
<!-- Generated by org.testng.reporters.JUnitReportReporter -->
<testsuite skipped="0" hostname="DELL-PC" name="script.InvalidLogin_Test" tests="1" failures="0" timestamp="05 Jun 2022 07:02:50 GMT" time="55.211" errors="0">
  <testcase name="testInvalidLogin" time="55.211" classname="script.InvalidLogin_Test"/>
</testsuite> <!-- script.InvalidLogin_Test -->
