<?xml version="1.0" encoding="UTF-8"?>
<!-- Generated by org.testng.reporters.JUnitReportReporter -->
<testsuite skipped="0" hostname="DELL-PC" name="script.ValidLogin_Test" tests="1" failures="0" timestamp="05 Jun 2022 07:02:50 GMT" time="36.802" errors="0">
  <testcase name="testValidLogin" time="36.802" classname="script.ValidLogin_Test"/>
</testsuite> <!-- script.ValidLogin_Test -->
